<?xml version="1.0" encoding="UTF-8"?>
<testng-results ignored="0" total="1" passed="1" failed="0" skipped="0">
  <reporter-output>
    <line>
      <![CDATA[The application url is :- https://www.google.com/]]>
    </line>
    <line>
      <![CDATA[The application url is :- https://www.google.com/]]>
    </line>
    <line>
      <![CDATA[[INFO]: Expected Page Title: Google]]>
    </line>
    <line>
      <![CDATA[[INFO]: Actual Page Title: Google]]>
    </line>
    <line>
      <![CDATA[[ASSERT PASS]: User redirected to correct page]]>
    </line>
    <line>
      <![CDATA[[ASSERT PASS]: User is on Google Landing Page]]>
    </line>
  </reporter-output>
  <suite started-at="2023-01-11T19:18:38Z" name="Sample_Test_suite" finished-at="2023-01-11T19:18:43Z" duration-ms="4414">
    <groups>
    </groups>
    <test started-at="2023-01-11T19:18:38Z" name="TestSuite" finished-at="2023-01-11T19:18:43Z" duration-ms="4414">
      <class name="com.shubham.Product1.tests.Demo_Test">
        <test-method is-config="true" signature="TestSessionInitiators()[pri:0, instance:com.shubham.Product1.tests.Demo_Test@5b8dfcc1]" started-at="2023-01-11T19:18:38Z" name="TestSessionInitiators" finished-at="2023-01-11T19:18:38Z" duration-ms="60" status="PASS">
          <reporter-output>
            <line>
              <![CDATA[The application url is :- https://www.google.com/]]>
            </line>
          </reporter-output>
        </test-method> <!-- TestSessionInitiators -->
        <test-method is-config="true" signature="launchMyApplication()[pri:0, instance:com.shubham.Product1.tests.Demo_Test@5b8dfcc1]" started-at="2023-01-11T19:18:38Z" name="launchMyApplication" finished-at="2023-01-11T19:18:41Z" duration-ms="2953" status="PASS">
          <reporter-output>
            <line>
              <![CDATA[The application url is :- https://www.google.com/]]>
            </line>
          </reporter-output>
        </test-method> <!-- launchMyApplication -->
        <test-method is-config="true" signature="logTestMethod(java.lang.reflect.Method)[pri:0, instance:com.shubham.Product1.tests.Demo_Test@5b8dfcc1]" started-at="2023-01-11T19:18:41Z" name="logTestMethod" finished-at="2023-01-11T19:18:41Z" duration-ms="1" status="PASS">
          <params>
            <param index="0">
              <value>
                <![CDATA[public void com.shubham.Product1.tests.Demo_Test.Test01_Launch_Google()]]>
              </value>
            </param>
          </params>
          <reporter-output>
          </reporter-output>
        </test-method> <!-- logTestMethod -->
        <test-method signature="Test01_Launch_Google()[pri:0, instance:com.shubham.Product1.tests.Demo_Test@5b8dfcc1]" started-at="2023-01-11T19:18:41Z" name="Test01_Launch_Google" finished-at="2023-01-11T19:18:43Z" duration-ms="1235" status="PASS">
          <reporter-output>
            <line>
              <![CDATA[[INFO]: Expected Page Title: Google]]>
            </line>
            <line>
              <![CDATA[[INFO]: Actual Page Title: Google]]>
            </line>
            <line>
              <![CDATA[[ASSERT PASS]: User redirected to correct page]]>
            </line>
            <line>
              <![CDATA[[ASSERT PASS]: User is on Google Landing Page]]>
            </line>
          </reporter-output>
        </test-method> <!-- Test01_Launch_Google -->
        <test-method is-config="true" signature="take_screenshot_on_failure(org.testng.ITestResult)[pri:0, instance:com.shubham.Product1.tests.Demo_Test@5b8dfcc1]" started-at="2023-01-11T19:18:43Z" name="take_screenshot_on_failure" finished-at="2023-01-11T19:18:43Z" duration-ms="5" status="PASS">
          <params>
            <param index="0">
              <value>
                <![CDATA[[TestResult name=Test01_Launch_Google status=SUCCESS method=Demo_Test.Test01_Launch_Google()[pri:0, instance:com.shubham.Product1.tests.Demo_Test@5b8dfcc1] output=[INFO]: Expected Page Title: Google]]]>
              </value>
            </param>
          </params>
          <reporter-output>
          </reporter-output>
        </test-method> <!-- take_screenshot_on_failure -->
        <test-method is-config="true" signature="stop_test_session()[pri:0, instance:com.shubham.Product1.tests.Demo_Test@5b8dfcc1]" started-at="2023-01-11T19:18:43Z" name="stop_test_session" finished-at="2023-01-11T19:18:43Z" duration-ms="195" status="PASS">
          <reporter-output>
          </reporter-output>
        </test-method> <!-- stop_test_session -->
      </class> <!-- com.shubham.Product1.tests.Demo_Test -->
    </test> <!-- TestSuite -->
  </suite> <!-- Sample_Test_suite -->
</testng-results>
